Determining if the pthread_create exist failed with the following output:
Change Dir: /Backup/MOHAN/VULKAN/ogl-master/build/CMakeFiles/CMakeTmp

Run Build Command:"/usr/bin/make" "cmTryCompileExec3203894498/fast"
/usr/bin/make -f CMakeFiles/cmTryCompileExec3203894498.dir/build.make CMakeFiles/cmTryCompileExec3203894498.dir/build
make[1]: Entering directory `/Backup/MOHAN/VULKAN/ogl-master/build/CMakeFiles/CMakeTmp'
/usr/local/bin/cmake -E cmake_progress_report /Backup/MOHAN/VULKAN/ogl-master/build/CMakeFiles/CMakeTmp/CMakeFiles 1
Building C object CMakeFiles/cmTryCompileExec3203894498.dir/CheckSymbolExists.c.o
/usr/bin/cc    -o CMakeFiles/cmTryCompileExec3203894498.dir/CheckSymbolExists.c.o   -c /Backup/MOHAN/VULKAN/ogl-master/build/CMakeFiles/CMakeTmp/CheckSymbolExists.c
Linking C executable cmTryCompileExec3203894498
/usr/local/bin/cmake -E cmake_link_script CMakeFiles/cmTryCompileExec3203894498.dir/link.txt --verbose=1
/usr/bin/cc       CMakeFiles/cmTryCompileExec3203894498.dir/CheckSymbolExists.c.o  -o cmTryCompileExec3203894498 -rdynamic 
CMakeFiles/cmTryCompileExec3203894498.dir/CheckSymbolExists.c.o: In function `main':
CheckSymbolExists.c:(.text+0x16): undefined reference to `pthread_create'
collect2: error: ld returned 1 exit status
make[1]: *** [cmTryCompileExec3203894498] Error 1
make[1]: Leaving directory `/Backup/MOHAN/VULKAN/ogl-master/build/CMakeFiles/CMakeTmp'
make: *** [cmTryCompileExec3203894498/fast] Error 2

File /Backup/MOHAN/VULKAN/ogl-master/build/CMakeFiles/CMakeTmp/CheckSymbolExists.c:
/* */
#include <pthread.h>

int main(int argc, char** argv)
{
  (void)argv;
#ifndef pthread_create
  return ((int*)(&pthread_create))[argc];
#else
  (void)argc;
  return 0;
#endif
}

Determining if the function pthread_create exists in the pthreads failed with the following output:
Change Dir: /Backup/MOHAN/VULKAN/ogl-master/build/CMakeFiles/CMakeTmp

Run Build Command:"/usr/bin/make" "cmTryCompileExec1357880834/fast"
/usr/bin/make -f CMakeFiles/cmTryCompileExec1357880834.dir/build.make CMakeFiles/cmTryCompileExec1357880834.dir/build
make[1]: Entering directory `/Backup/MOHAN/VULKAN/ogl-master/build/CMakeFiles/CMakeTmp'
/usr/local/bin/cmake -E cmake_progress_report /Backup/MOHAN/VULKAN/ogl-master/build/CMakeFiles/CMakeTmp/CMakeFiles 1
Building C object CMakeFiles/cmTryCompileExec1357880834.dir/CheckFunctionExists.c.o
/usr/bin/cc   -DCHECK_FUNCTION_EXISTS=pthread_create   -o CMakeFiles/cmTryCompileExec1357880834.dir/CheckFunctionExists.c.o   -c /usr/local/share/cmake-3.2/Modules/CheckFunctionExists.c
Linking C executable cmTryCompileExec1357880834
/usr/local/bin/cmake -E cmake_link_script CMakeFiles/cmTryCompileExec1357880834.dir/link.txt --verbose=1
/usr/bin/cc   -DCHECK_FUNCTION_EXISTS=pthread_create    CMakeFiles/cmTryCompileExec1357880834.dir/CheckFunctionExists.c.o  -o cmTryCompileExec1357880834 -rdynamic -lpthreads 
/usr/bin/ld: cannot find -lpthreads
collect2: error: ld returned 1 exit status
make[1]: *** [cmTryCompileExec1357880834] Error 1
make[1]: Leaving directory `/Backup/MOHAN/VULKAN/ogl-master/build/CMakeFiles/CMakeTmp'
make: *** [cmTryCompileExec1357880834/fast] Error 2


